[2024-08-07 22:19:03] [ ERROR] [BD:44] Error de Sintaxis en sentencia SQL "CREATE TABLE ODONTOLOGIA (ID INT AUTO_INCREMENT PRIMARY KEY ,MATRICULA INT NOT NULL , NOMBRE VARCHAR(100) NOT NULL,APELLIDO VARCHAR(100) NOT NULL[*]"; se esperaba "DEFAULT, GENERATED, ON UPDATE, DEFAULT ON NULL, SEQUENCE, SELECTIVITY, COMMENT, CONSTRAINT, COMMENT, PRIMARY KEY, UNIQUE, NOT NULL, CHECK, REFERENCES, ,, )"
Syntax error in SQL statement "CREATE TABLE ODONTOLOGIA (ID INT AUTO_INCREMENT PRIMARY KEY ,MATRICULA INT NOT NULL , NOMBRE VARCHAR(100) NOT NULL,APELLIDO VARCHAR(100) NOT NULL[*]"; expected "DEFAULT, GENERATED, ON UPDATE, DEFAULT ON NULL, SEQUENCE, SELECTIVITY, COMMENT, CONSTRAINT, COMMENT, PRIMARY KEY, UNIQUE, NOT NULL, CHECK, REFERENCES, ,, )"; SQL statement:
CREATE TABLE ODONTOLOGIA (ID INT AUTO_INCREMENT PRIMARY KEY ,MATRICULA INT NOT NULL , NOMBRE VARCHAR(100) NOT NULL,APELLIDO VARCHAR(100) NOT NULL [42001-230]
[2024-08-07 22:19:03] [ ERROR] [OdontologiaDAOH2:96] Cannot invoke "java.sql.Connection.prepareStatement(String)" because "connection" is null
[2024-08-07 22:22:52] [ ERROR] [BD:44] Error de Sintaxis en sentencia SQL "CREATE TABLE ODONTOLOGIA (ID INT AUTO_INCREMENT PRIMARY KEY ,MATRICULA INT NOT NULL , NOMBRE VARCHAR(100) NOT NULL,APELLIDO VARCHAR(100) NOT NULL[*]"; se esperaba "DEFAULT, GENERATED, ON UPDATE, DEFAULT ON NULL, SEQUENCE, SELECTIVITY, COMMENT, CONSTRAINT, COMMENT, PRIMARY KEY, UNIQUE, NOT NULL, CHECK, REFERENCES, ,, )"
Syntax error in SQL statement "CREATE TABLE ODONTOLOGIA (ID INT AUTO_INCREMENT PRIMARY KEY ,MATRICULA INT NOT NULL , NOMBRE VARCHAR(100) NOT NULL,APELLIDO VARCHAR(100) NOT NULL[*]"; expected "DEFAULT, GENERATED, ON UPDATE, DEFAULT ON NULL, SEQUENCE, SELECTIVITY, COMMENT, CONSTRAINT, COMMENT, PRIMARY KEY, UNIQUE, NOT NULL, CHECK, REFERENCES, ,, )"; SQL statement:
CREATE TABLE ODONTOLOGIA (ID INT AUTO_INCREMENT PRIMARY KEY ,MATRICULA INT NOT NULL , NOMBRE VARCHAR(100) NOT NULL,APELLIDO VARCHAR(100) NOT NULL [42001-230]
[2024-08-07 22:22:52] [ ERROR] [OdontologiaDAOH2:96] Cannot invoke "java.sql.Connection.prepareStatement(String)" because "connection" is null
[2024-08-07 22:25:45] [ ERROR] [BD:42] Error de Sintaxis en sentencia SQL "CREATE TABLE ODONTOLOGIA (ID INT AUTO_INCREMENT PRIMARY KEY, MATRICULA INT NOT NULL, NOMBRE VARCHAR(100) NOT NULL, APELLIDO VARCHAR(100) NOT NULL[*]"; se esperaba "DEFAULT, GENERATED, ON UPDATE, DEFAULT ON NULL, SEQUENCE, SELECTIVITY, COMMENT, CONSTRAINT, COMMENT, PRIMARY KEY, UNIQUE, NOT NULL, CHECK, REFERENCES, ,, )"
Syntax error in SQL statement "CREATE TABLE ODONTOLOGIA (ID INT AUTO_INCREMENT PRIMARY KEY, MATRICULA INT NOT NULL, NOMBRE VARCHAR(100) NOT NULL, APELLIDO VARCHAR(100) NOT NULL[*]"; expected "DEFAULT, GENERATED, ON UPDATE, DEFAULT ON NULL, SEQUENCE, SELECTIVITY, COMMENT, CONSTRAINT, COMMENT, PRIMARY KEY, UNIQUE, NOT NULL, CHECK, REFERENCES, ,, )"; SQL statement:
CREATE TABLE ODONTOLOGIA (ID INT AUTO_INCREMENT PRIMARY KEY, MATRICULA INT NOT NULL, NOMBRE VARCHAR(100) NOT NULL, APELLIDO VARCHAR(100) NOT NULL [42001-230]
[2024-08-07 22:25:45] [ ERROR] [OdontologiaDAOH2:96] Cannot invoke "java.sql.Connection.prepareStatement(String)" because "connection" is null
[2024-08-07 22:30:36] [ INFO ] [BD:36] tabla creada con exito
[2024-08-07 22:30:36] [ ERROR] [BD:42] Conversión de datos fallida, convirtiendo "'MATRICULA1' (ODONTOLOGIA: ""MATRICULA"" INTEGER NOT NULL)"
Data conversion error converting "'MATRICULA1' (ODONTOLOGIA: ""MATRICULA"" INTEGER NOT NULL)"; SQL statement:
INSERT INTO ODONTOLOGIA(MATRICULA,NOMBRE,APELLIDO) VALUES('MATRICULA1','JUAN','LOPEZ') [22018-230]
[2024-08-07 22:30:36] [ ERROR] [OdontologiaDAOH2:96] Cannot invoke "java.sql.Connection.prepareStatement(String)" because "connection" is null
[2024-08-07 22:32:38] [ INFO ] [BD:36] tabla creada con exito
[2024-08-07 22:32:38] [ ERROR] [BD:42] Error de Sintaxis en sentencia SQL "INSERT INTO ODONTOLOGIA(MATRICULA,NOMBRE,APELLIDO) VALUES('101','JUANA,'PEREZ[*]');"
Syntax error in SQL statement "INSERT INTO ODONTOLOGIA(MATRICULA,NOMBRE,APELLIDO) VALUES('101','JUANA,'PEREZ[*]');"; SQL statement:
INSERT INTO ODONTOLOGIA(MATRICULA,NOMBRE,APELLIDO) VALUES('101','JUANA,'PEREZ'); [42000-230]
[2024-08-07 22:32:38] [ ERROR] [OdontologiaDAOH2:96] Cannot invoke "java.sql.Connection.prepareStatement(String)" because "connection" is null
[2024-08-07 22:36:17] [ INFO ] [BD:36] tabla creada con exito
[2024-08-07 22:36:17] [ ERROR] [BD:42] Error de Sintaxis en sentencia SQL "INSERT INTO ODONTOLOGIA(MATRICULA,NOMBRE,APELLIDO) VALUES(101,'JUANA,'PEREZ[*]');"
Syntax error in SQL statement "INSERT INTO ODONTOLOGIA(MATRICULA,NOMBRE,APELLIDO) VALUES(101,'JUANA,'PEREZ[*]');"; SQL statement:
INSERT INTO ODONTOLOGIA(MATRICULA,NOMBRE,APELLIDO) VALUES(101,'JUANA,'PEREZ'); [42000-230]
[2024-08-07 22:36:17] [ ERROR] [OdontologiaDAOH2:96] Cannot invoke "java.sql.Connection.prepareStatement(String)" because "connection" is null
[2024-08-07 22:36:56] [ INFO ] [BD:36] tabla creada con exito
[2024-08-07 22:36:56] [ INFO ] [BD:40] Datos cargados con exito
[2024-08-07 22:36:56] [ ERROR] [OdontologiaDAOH2:96] Cannot invoke "java.sql.Connection.prepareStatement(String)" because "connection" is null
[2024-08-07 22:38:27] [ INFO ] [BD:36] tabla creada con exito
[2024-08-07 22:38:27] [ INFO ] [BD:40] Datos cargados con exito
